<?xml version="1.0" encoding="UTF-8"?>
<testsuite xmlns:xsi="http://www.w3.org/2001/XMLSchema-instance" xsi:noNamespaceSchemaLocation="https://maven.apache.org/surefire/maven-surefire-plugin/xsd/surefire-test-report.xsd" version="3.0.2" name="com.carritocompra.CarritoCompraParametrizadoTest" time="0.391" tests="15" errors="0" skipped="0" failures="0">
  <properties>
[...]
</properties>
  <testcase name="subtotalCorrecto(double, int, double)[1]" classname="CarritoCompra — pruebas parametrizadas" time="0.07"/>
  <testcase name="subtotalCorrecto(double, int, double)[2]" classname="CarritoCompra — pruebas parametrizadas" time="0.005"/>
  <testcase name="subtotalCorrecto(double, int, double)[3]" classname="CarritoCompra — pruebas parametrizadas" time="0.004"/>
  <testcase name="subtotalCorrecto(double, int, double)[4]" classname="CarritoCompra — pruebas parametrizadas" time="0.004"/>
  <testcase name="subtotalCorrecto(double, int, double)[5]" classname="CarritoCompra — pruebas parametrizadas" time="0.005"/>
  <testcase name="totalCalculadoCorrectamente(double, int, double, double, double)[1]" classname="CarritoCompra — pruebas parametrizadas" time="0.014"/>
  <testcase name="totalCalculadoCorrectamente(double, int, double, double, double)[2]" classname="CarritoCompra — pruebas parametrizadas" time="0.006"/>
  <testcase name="totalCalculadoCorrectamente(double, int, double, double, double)[3]" classname="CarritoCompra — pruebas parametrizadas" time="0.006"/>
  <testcase name="totalCalculadoCorrectamente(double, int, double, double, double)[4]" classname="CarritoCompra — pruebas parametrizadas" time="0.007"/>
  <testcase name="totalCalculadoCorrectamente(double, int, double, double, double)[5]" classname="CarritoCompra — pruebas parametrizadas" time="0.007"/>
  <testcase name="totalCalculadoCorrectamente(double, int, double, double, double)[6]" classname="CarritoCompra — pruebas parametrizadas" time="0.008"/>
  <testcase name="totalCalculadoCorrectamente(double, int, double, double, double)[7]" classname="CarritoCompra — pruebas parametrizadas" time="0.007"/>
  <testcase name="totalCalculadoCorrectamente(double, int, double, double, double)[8]" classname="CarritoCompra — pruebas parametrizadas" time="0.006"/>
  <testcase name="totalCalculadoCorrectamente(double, int, double, double, double)[9]" classname="CarritoCompra — pruebas parametrizadas" time="0.005"/>
  <testcase name="totalCalculadoCorrectamente(double, int, double, double, double)[10]" classname="CarritoCompra — pruebas parametrizadas" time="0.006"/>
</testsuite>